# JRE version: Java(TM) SE Runtime Environment (8.0_45-b14) (build 1.8.0_45-b14)
# Java VM: Java HotSpot(TM) 64-Bit Server VM (25.45-b02 mixed mode windows-amd64 compressed oops)
Heap:
 PSYoungGen      total 86528K, used 14907K [0x00000000eab00000, 0x00000000f5400000, 0x0000000100000000)
  eden space 79872K, 10% used [0x00000000eab00000,0x00000000eb316be8,0x00000000ef900000)
  from space 6656K, 99% used [0x00000000ef900000,0x00000000eff782c0,0x00000000eff80000)
  to   space 6656K, 0% used [0x00000000f4d80000,0x00000000f4d80000,0x00000000f5400000)
 ParOldGen       total 106496K, used 17782K [0x00000000c0000000, 0x00000000c6800000, 0x00000000eab00000)
  object space 106496K, 16% used [0x00000000c0000000,0x00000000c115da20,0x00000000c6800000)
 Metaspace       used 5997K, capacity 7152K, committed 7296K, reserved 1056768K
  class space    used 560K, capacity 616K, committed 640K, reserved 1048576K
GC Heap History (6 events):
Event: 2.089 GC heap before
{Heap before GC invocations=1 (full 0):
 PSYoungGen      total 46592K, used 39936K [0x00000000eab00000, 0x00000000edf00000, 0x0000000100000000)
  eden space 39936K, 100% used [0x00000000eab00000,0x00000000ed200000,0x00000000ed200000)
  from space 6656K, 0% used [0x00000000ed880000,0x00000000ed880000,0x00000000edf00000)
  to   space 6656K, 0% used [0x00000000ed200000,0x00000000ed200000,0x00000000ed880000)
 ParOldGen       total 106496K, used 0K [0x00000000c0000000, 0x00000000c6800000, 0x00000000eab00000)
  object space 106496K, 0% used [0x00000000c0000000,0x00000000c0000000,0x00000000c6800000)
 Metaspace       used 5785K, capacity 6960K, committed 7040K, reserved 1056768K
  class space    used 559K, capacity 616K, committed 640K, reserved 1048576K
Event: 2.118 GC heap after
Heap after GC invocations=1 (full 0):
 PSYoungGen      total 46592K, used 6642K [0x00000000eab00000, 0x00000000f0600000, 0x0000000100000000)
  eden space 39936K, 0% used [0x00000000eab00000,0x00000000eab00000,0x00000000ed200000)
  from space 6656K, 99% used [0x00000000ed200000,0x00000000ed87cac8,0x00000000ed880000)
  to   space 6656K, 0% used [0x00000000eff80000,0x00000000eff80000,0x00000000f0600000)
 ParOldGen       total 106496K, used 1145K [0x00000000c0000000, 0x00000000c6800000, 0x00000000eab00000)
  object space 106496K, 1% used [0x00000000c0000000,0x00000000c011e7b0,0x00000000c6800000)
 Metaspace       used 5785K, capacity 6960K, committed 7040K, reserved 1056768K
  class space    used 559K, capacity 616K, committed 640K, reserved 1048576K
}
Event: 3.746 GC heap before
{Heap before GC invocations=2 (full 0):
 PSYoungGen      total 46592K, used 46578K [0x00000000eab00000, 0x00000000f0600000, 0x0000000100000000)
  eden space 39936K, 100% used [0x00000000eab00000,0x00000000ed200000,0x00000000ed200000)
  from space 6656K, 99% used [0x00000000ed200000,0x00000000ed87cac8,0x00000000ed880000)
  to   space 6656K, 0% used [0x00000000eff80000,0x00000000eff80000,0x00000000f0600000)
 ParOldGen       total 106496K, used 1145K [0x00000000c0000000, 0x00000000c6800000, 0x00000000eab00000)
  object space 106496K, 1% used [0x00000000c0000000,0x00000000c011e7b0,0x00000000c6800000)
 Metaspace       used 5899K, capacity 7088K, committed 7296K, reserved 1056768K
  class space    used 559K, capacity 616K, committed 640K, reserved 1048576K
Event: 3.834 GC heap after
Heap after GC invocations=2 (full 0):
 PSYoungGen      total 86528K, used 6630K [0x00000000eab00000, 0x00000000f0600000, 0x0000000100000000)
  eden space 79872K, 0% used [0x00000000eab00000,0x00000000eab00000,0x00000000ef900000)
  from space 6656K, 99% used [0x00000000eff80000,0x00000000f05f9b88,0x00000000f0600000)
  to   space 6656K, 0% used [0x00000000ef900000,0x00000000ef900000,0x00000000eff80000)
 ParOldGen       total 106496K, used 5341K [0x00000000c0000000, 0x00000000c6800000, 0x00000000eab00000)
  object space 106496K, 5% used [0x00000000c0000000,0x00000000c0537630,0x00000000c6800000)
 Metaspace       used 5899K, capacity 7088K, committed 7296K, reserved 1056768K
  class space    used 559K, capacity 616K, committed 640K, reserved 1048576K
}
Event: 4.629 GC heap before
{Heap before GC invocations=3 (full 0):
 PSYoungGen      total 86528K, used 86502K [0x00000000eab00000, 0x00000000f0600000, 0x0000000100000000)
  eden space 79872K, 100% used [0x00000000eab00000,0x00000000ef900000,0x00000000ef900000)
  from space 6656K, 99% used [0x00000000eff80000,0x00000000f05f9b88,0x00000000f0600000)
  to   space 6656K, 0% used [0x00000000ef900000,0x00000000ef900000,0x00000000eff80000)
 ParOldGen       total 106496K, used 5341K [0x00000000c0000000, 0x00000000c6800000, 0x00000000eab00000)
  object space 106496K, 5% used [0x00000000c0000000,0x00000000c0537630,0x00000000c6800000)
 Metaspace       used 5958K, capacity 7152K, committed 7296K, reserved 1056768K
  class space    used 560K, capacity 616K, committed 640K, reserved 1048576K
Event: 4.703 GC heap after
Heap after GC invocations=3 (full 0):
 PSYoungGen      total 86528K, used 6624K [0x00000000eab00000, 0x00000000f5400000, 0x0000000100000000)
  eden space 79872K, 0% used [0x00000000eab00000,0x00000000eab00000,0x00000000ef900000)
  from space 6656K, 99% used [0x00000000ef900000,0x00000000eff782c0,0x00000000eff80000)
  to   space 6656K, 0% used [0x00000000f4d80000,0x00000000f4d80000,0x00000000f5400000)
 ParOldGen       total 106496K, used 17782K [0x00000000c0000000, 0x00000000c6800000, 0x00000000eab00000)
  object space 106496K, 16% used [0x00000000c0000000,0x00000000c115da20,0x00000000c6800000)
 Metaspace       used 5958K, capacity 7152K, committed 7296K, reserved 1056768K
  class space    used 560K, capacity 616K, committed 640K, reserved 1048576K
}

